<?xml version="1.0" encoding="UTF-8"?>
<!-- Generated by org.testng.reporters.JUnitReportReporter -->
<testsuite skipped="0" hostname="DESKTOP-35PKLNE" name="restassuredTests.JsonPathValidation" tests="1" failures="0" timestamp="2023-01-17T01:06:17 EST" time="6.906" errors="0">
  <testcase name="testJsonResponse" time="6.906" classname="restassuredTests.JsonPathValidation"/>
  <system-out/>
</testsuite> <!-- restassuredTests.JsonPathValidation -->
