<?xml version="1.0" encoding="UTF-8"?>
<!-- Generated by org.testng.reporters.JUnitReportReporter -->
<testsuite skipped="0" hostname="DESKTOP-35PKLNE" name="restassuredTests.JsonResponseFileValidation" tests="1" failures="0" timestamp="2023-01-17T02:31:50 EST" time="2.706" errors="0">
  <testcase name="testJsonResponse" time="2.706" classname="restassuredTests.JsonResponseFileValidation"/>
  <system-out/>
</testsuite> <!-- restassuredTests.JsonResponseFileValidation -->
