<?xml version="1.0" encoding="UTF-8"?>
<!-- Generated by org.testng.reporters.JUnitReportReporter -->
<testsuite skipped="0" hostname="DESKTOP-35PKLNE" name="restassuredTests.JsonResponseSingleBodyValidation" tests="1" failures="0" timestamp="2023-01-17T01:20:26 EST" time="3.088" errors="0">
  <testcase name="testJsonResponse" time="3.088" classname="restassuredTests.JsonResponseSingleBodyValidation"/>
  <system-out/>
</testsuite> <!-- restassuredTests.JsonResponseSingleBodyValidation -->
